#! /usr/bin/vvp
:ivl_version "10.3 (stable)";
:ivl_delay_selection "TYPICAL";
:vpi_time_precision - 9;
:vpi_module "system";
:vpi_module "vhdl_sys";
:vpi_module "v2005_math";
:vpi_module "va_math";
S_0x55a4343297f0 .scope module, "exp8_tb" "exp8_tb" 2 10;
 .timescale -9 -9;
P_0x55a434329970 .param/l "ONE_MS" 0 2 20, +C4<00000000000011110100001001000000>;
v0x55a434357800_0 .var "clk", 0 0;
v0x55a4343578c0_0 .var "key", 0 0;
v0x55a434357980_0 .net "led", 0 0, v0x55a434356c30_0;  1 drivers
v0x55a434357a20_0 .var "rst_n", 0 0;
v0x55a434357ac0_0 .net "state_count", 3 0, L_0x55a4343330d0;  1 drivers
v0x55a434357bb0_0 .var "sw", 0 0;
S_0x55a4342ea040 .scope module, "exp8_top_inst" "exp8_top" 2 22, 3 8 0, S_0x55a4343297f0;
 .timescale -9 -9;
    .port_info 0 /INPUT 1 "clk"
    .port_info 1 /INPUT 1 "rst_n"
    .port_info 2 /INPUT 1 "key"
    .port_info 3 /INPUT 1 "sw"
    .port_info 4 /OUTPUT 1 "led"
    .port_info 5 /OUTPUT 4 "state_count"
v0x55a4343570c0_0 .net "clk", 0 0, v0x55a434357800_0;  1 drivers
v0x55a434357180_0 .net "clk_1KHz", 0 0, L_0x55a434367f40;  1 drivers
v0x55a434357290_0 .net "key", 0 0, v0x55a4343578c0_0;  1 drivers
v0x55a434357330_0 .net "key_stable", 0 0, L_0x55a434332eb0;  1 drivers
v0x55a434357420_0 .net "key_stable_temp", 0 0, L_0x55a434332fc0;  1 drivers
v0x55a434357560_0 .net "led", 0 0, v0x55a434356c30_0;  alias, 1 drivers
v0x55a434357600_0 .net "rst_n", 0 0, v0x55a434357a20_0;  1 drivers
v0x55a4343576a0_0 .net "state_count", 3 0, L_0x55a4343330d0;  alias, 1 drivers
v0x55a434357740_0 .net "sw", 0 0, v0x55a434357bb0_0;  1 drivers
S_0x55a4342ea210 .scope module, "divider_inst" "divider" 3 20, 4 8 0, S_0x55a4342ea040;
 .timescale -9 -9;
    .port_info 0 /INPUT 1 "clk"
    .port_info 1 /INPUT 1 "rst_n"
    .port_info 2 /OUTPUT 1 "clk_1KHz"
P_0x55a4342ea3e0 .param/l "CNT_MAX" 0 4 14, +C4<00000000000000001100001101010000>;
v0x55a43431a200_0 .net *"_s0", 31 0, L_0x55a434357ca0;  1 drivers
L_0x7f70c59370f0 .functor BUFT 1, C4<1>, C4<0>, C4<0>, C4<0>;
v0x55a434315ba0_0 .net/2u *"_s10", 0 0, L_0x7f70c59370f0;  1 drivers
L_0x7f70c5937018 .functor BUFT 1, C4<00>, C4<0>, C4<0>, C4<0>;
v0x55a434315c40_0 .net *"_s3", 1 0, L_0x7f70c5937018;  1 drivers
L_0x7f70c5937060 .functor BUFT 1, C4<00000000000000000110000110101000>, C4<0>, C4<0>, C4<0>;
v0x55a434354e20_0 .net/2u *"_s4", 31 0, L_0x7f70c5937060;  1 drivers
v0x55a434354f00_0 .net *"_s6", 0 0, L_0x55a434367da0;  1 drivers
L_0x7f70c59370a8 .functor BUFT 1, C4<0>, C4<0>, C4<0>, C4<0>;
v0x55a434355010_0 .net/2u *"_s8", 0 0, L_0x7f70c59370a8;  1 drivers
v0x55a4343550f0_0 .net "clk", 0 0, v0x55a434357800_0;  alias, 1 drivers
v0x55a4343551b0_0 .net "clk_1KHz", 0 0, L_0x55a434367f40;  alias, 1 drivers
v0x55a434355270_0 .var "cnt", 29 0;
v0x55a434355350_0 .net "rst_n", 0 0, v0x55a434357a20_0;  alias, 1 drivers
E_0x55a434326af0/0 .event negedge, v0x55a434355350_0;
E_0x55a434326af0/1 .event posedge, v0x55a4343550f0_0;
E_0x55a434326af0 .event/or E_0x55a434326af0/0, E_0x55a434326af0/1;
L_0x55a434357ca0 .concat [ 30 2 0 0], v0x55a434355270_0, L_0x7f70c5937018;
L_0x55a434367da0 .cmp/gt 32, L_0x7f70c5937060, L_0x55a434357ca0;
L_0x55a434367f40 .functor MUXZ 1, L_0x7f70c59370f0, L_0x7f70c59370a8, L_0x55a434367da0, C4<>;
S_0x55a434355490 .scope module, "edge_detect_inst" "edge_detect" 3 26, 5 8 0, S_0x55a4342ea040;
 .timescale -9 -9;
    .port_info 0 /INPUT 1 "clk"
    .port_info 1 /INPUT 1 "rst_n"
    .port_info 2 /INPUT 1 "signal"
    .port_info 3 /OUTPUT 1 "key_signal"
L_0x55a434332eb0 .functor AND 1, L_0x55a4343680d0, L_0x55a434368260, C4<1>, C4<1>;
v0x55a434355610_0 .net *"_s1", 0 0, L_0x55a4343680d0;  1 drivers
v0x55a4343556f0_0 .net *"_s3", 0 0, L_0x55a434368170;  1 drivers
v0x55a4343557d0_0 .net *"_s5", 0 0, L_0x55a434368260;  1 drivers
v0x55a434355870_0 .net "clk", 0 0, v0x55a434357800_0;  alias, 1 drivers
v0x55a434355910_0 .var "ff_q", 1 0;
v0x55a434355a20_0 .net "key_signal", 0 0, L_0x55a434332eb0;  alias, 1 drivers
v0x55a434355ae0_0 .net "rst_n", 0 0, v0x55a434357a20_0;  alias, 1 drivers
v0x55a434355b80_0 .net "signal", 0 0, L_0x55a434332fc0;  alias, 1 drivers
L_0x55a4343680d0 .part v0x55a434355910_0, 0, 1;
L_0x55a434368170 .part v0x55a434355910_0, 1, 1;
L_0x55a434368260 .reduce/nor L_0x55a434368170;
S_0x55a434355cd0 .scope module, "key_filter_inst" "key_filter" 3 33, 6 8 0, S_0x55a4342ea040;
 .timescale -9 -9;
    .port_info 0 /INPUT 1 "clk"
    .port_info 1 /INPUT 1 "rst_n"
    .port_info 2 /INPUT 1 "key"
    .port_info 3 /OUTPUT 1 "key_stable"
L_0x55a434332fc0 .functor NOT 1, L_0x55a4343683f0, C4<0>, C4<0>, C4<0>;
v0x55a434355ef0_0 .net *"_s1", 0 0, L_0x55a4343683f0;  1 drivers
v0x55a434355fd0_0 .net "clk", 0 0, L_0x55a434367f40;  alias, 1 drivers
v0x55a4343560c0_0 .var "ff_q", 19 0;
v0x55a434356190_0 .net "key", 0 0, v0x55a4343578c0_0;  alias, 1 drivers
v0x55a434356230_0 .net "key_stable", 0 0, L_0x55a434332fc0;  alias, 1 drivers
v0x55a434356320_0 .net "rst_n", 0 0, v0x55a434357a20_0;  alias, 1 drivers
E_0x55a434326e00/0 .event negedge, v0x55a434355350_0;
E_0x55a434326e00/1 .event posedge, v0x55a4343551b0_0;
E_0x55a434326e00 .event/or E_0x55a434326e00/0, E_0x55a434326e00/1;
L_0x55a4343683f0 .reduce/or v0x55a4343560c0_0;
S_0x55a434356470 .scope module, "queue_detect_inst" "queue_detect" 3 40, 7 8 0, S_0x55a4342ea040;
 .timescale -9 -9;
    .port_info 0 /INPUT 1 "clk"
    .port_info 1 /INPUT 1 "rst_n"
    .port_info 2 /INPUT 1 "key_p"
    .port_info 3 /INPUT 1 "sw"
    .port_info 4 /OUTPUT 1 "led"
    .port_info 5 /OUTPUT 4 "state_count"
P_0x55a434356640 .param/l "IDLE" 0 7 17, C4<0000>;
P_0x55a434356680 .param/l "STATE_0" 0 7 18, C4<0001>;
P_0x55a4343566c0 .param/l "STATE_1" 0 7 19, C4<0010>;
P_0x55a434356700 .param/l "STATE_2" 0 7 20, C4<0100>;
P_0x55a434356740 .param/l "STATE_3" 0 7 21, C4<1000>;
L_0x55a4343330d0 .functor BUFZ 4, v0x55a434356d70_0, C4<0000>, C4<0000>, C4<0000>;
v0x55a434356a80_0 .net "clk", 0 0, v0x55a434357800_0;  alias, 1 drivers
v0x55a434356b70_0 .net "key_p", 0 0, L_0x55a434332eb0;  alias, 1 drivers
v0x55a434356c30_0 .var "led", 0 0;
v0x55a434356cd0_0 .net "rst_n", 0 0, v0x55a434357a20_0;  alias, 1 drivers
v0x55a434356d70_0 .var "state", 3 0;
v0x55a434356e60_0 .net "state_count", 3 0, L_0x55a4343330d0;  alias, 1 drivers
v0x55a434356f40_0 .net "sw", 0 0, v0x55a434357bb0_0;  alias, 1 drivers
    .scope S_0x55a4342ea210;
T_0 ;
    %wait E_0x55a434326af0;
    %load/vec4 v0x55a434355350_0;
    %nor/r;
    %flag_set/vec4 8;
    %jmp/0xz  T_0.0, 8;
    %pushi/vec4 0, 0, 30;
    %assign/vec4 v0x55a434355270_0, 0;
    %jmp T_0.1;
T_0.0 ;
    %load/vec4 v0x55a434355270_0;
    %pad/u 32;
    %cmpi/e 49999, 0, 32;
    %jmp/0xz  T_0.2, 4;
    %pushi/vec4 0, 0, 30;
    %assign/vec4 v0x55a434355270_0, 0;
    %jmp T_0.3;
T_0.2 ;
    %load/vec4 v0x55a434355270_0;
    %addi 1, 0, 30;
    %assign/vec4 v0x55a434355270_0, 0;
T_0.3 ;
T_0.1 ;
    %jmp T_0;
    .thread T_0;
    .scope S_0x55a434355490;
T_1 ;
    %wait E_0x55a434326af0;
    %load/vec4 v0x55a434355ae0_0;
    %nor/r;
    %flag_set/vec4 8;
    %jmp/0xz  T_1.0, 8;
    %pushi/vec4 3, 0, 2;
    %assign/vec4 v0x55a434355910_0, 0;
    %jmp T_1.1;
T_1.0 ;
    %load/vec4 v0x55a434355910_0;
    %parti/s 1, 0, 2;
    %load/vec4 v0x55a434355b80_0;
    %concat/vec4; draw_concat_vec4
    %assign/vec4 v0x55a434355910_0, 0;
T_1.1 ;
    %jmp T_1;
    .thread T_1;
    .scope S_0x55a434355cd0;
T_2 ;
    %wait E_0x55a434326e00;
    %load/vec4 v0x55a434356320_0;
    %nor/r;
    %flag_set/vec4 8;
    %jmp/0xz  T_2.0, 8;
    %pushi/vec4 1048575, 0, 20;
    %assign/vec4 v0x55a4343560c0_0, 0;
    %jmp T_2.1;
T_2.0 ;
    %load/vec4 v0x55a4343560c0_0;
    %parti/s 19, 0, 2;
    %load/vec4 v0x55a434356190_0;
    %concat/vec4; draw_concat_vec4
    %assign/vec4 v0x55a4343560c0_0, 0;
T_2.1 ;
    %jmp T_2;
    .thread T_2;
    .scope S_0x55a434356470;
T_3 ;
    %wait E_0x55a434326af0;
    %load/vec4 v0x55a434356cd0_0;
    %nor/r;
    %flag_set/vec4 8;
    %jmp/0xz  T_3.0, 8;
    %pushi/vec4 0, 0, 4;
    %assign/vec4 v0x55a434356d70_0, 0;
    %pushi/vec4 0, 0, 1;
    %assign/vec4 v0x55a434356c30_0, 0;
    %jmp T_3.1;
T_3.0 ;
    %load/vec4 v0x55a434356d70_0;
    %dup/vec4;
    %pushi/vec4 0, 0, 4;
    %cmp/u;
    %jmp/1 T_3.2, 6;
    %dup/vec4;
    %pushi/vec4 1, 0, 4;
    %cmp/u;
    %jmp/1 T_3.3, 6;
    %dup/vec4;
    %pushi/vec4 2, 0, 4;
    %cmp/u;
    %jmp/1 T_3.4, 6;
    %dup/vec4;
    %pushi/vec4 4, 0, 4;
    %cmp/u;
    %jmp/1 T_3.5, 6;
    %dup/vec4;
    %pushi/vec4 8, 0, 4;
    %cmp/u;
    %jmp/1 T_3.6, 6;
    %pushi/vec4 0, 0, 4;
    %assign/vec4 v0x55a434356d70_0, 0;
    %jmp T_3.8;
T_3.2 ;
    %load/vec4 v0x55a434356b70_0;
    %flag_set/vec4 8;
    %jmp/0xz  T_3.9, 8;
    %load/vec4 v0x55a434356f40_0;
    %cmpi/e 1, 0, 1;
    %jmp/0xz  T_3.11, 4;
    %pushi/vec4 1, 0, 4;
    %assign/vec4 v0x55a434356d70_0, 0;
    %pushi/vec4 0, 0, 1;
    %assign/vec4 v0x55a434356c30_0, 0;
    %jmp T_3.12;
T_3.11 ;
    %pushi/vec4 0, 0, 4;
    %assign/vec4 v0x55a434356d70_0, 0;
T_3.12 ;
    %jmp T_3.10;
T_3.9 ;
    %load/vec4 v0x55a434356d70_0;
    %assign/vec4 v0x55a434356d70_0, 0;
T_3.10 ;
    %jmp T_3.8;
T_3.3 ;
    %load/vec4 v0x55a434356b70_0;
    %flag_set/vec4 8;
    %jmp/0xz  T_3.13, 8;
    %load/vec4 v0x55a434356f40_0;
    %cmpi/e 1, 0, 1;
    %jmp/0xz  T_3.15, 4;
    %pushi/vec4 2, 0, 4;
    %assign/vec4 v0x55a434356d70_0, 0;
    %pushi/vec4 0, 0, 1;
    %assign/vec4 v0x55a434356c30_0, 0;
    %jmp T_3.16;
T_3.15 ;
    %pushi/vec4 1, 0, 4;
    %assign/vec4 v0x55a434356d70_0, 0;
T_3.16 ;
    %jmp T_3.14;
T_3.13 ;
    %load/vec4 v0x55a434356d70_0;
    %assign/vec4 v0x55a434356d70_0, 0;
T_3.14 ;
    %jmp T_3.8;
T_3.4 ;
    %load/vec4 v0x55a434356b70_0;
    %flag_set/vec4 8;
    %jmp/0xz  T_3.17, 8;
    %load/vec4 v0x55a434356f40_0;
    %cmpi/e 0, 0, 1;
    %jmp/0xz  T_3.19, 4;
    %pushi/vec4 4, 0, 4;
    %assign/vec4 v0x55a434356d70_0, 0;
    %pushi/vec4 0, 0, 1;
    %assign/vec4 v0x55a434356c30_0, 0;
    %jmp T_3.20;
T_3.19 ;
    %pushi/vec4 2, 0, 4;
    %assign/vec4 v0x55a434356d70_0, 0;
T_3.20 ;
    %jmp T_3.18;
T_3.17 ;
    %pushi/vec4 2, 0, 4;
    %assign/vec4 v0x55a434356d70_0, 0;
T_3.18 ;
    %jmp T_3.8;
T_3.5 ;
    %load/vec4 v0x55a434356b70_0;
    %flag_set/vec4 8;
    %jmp/0xz  T_3.21, 8;
    %load/vec4 v0x55a434356f40_0;
    %cmpi/e 1, 0, 1;
    %jmp/0xz  T_3.23, 4;
    %pushi/vec4 8, 0, 4;
    %assign/vec4 v0x55a434356d70_0, 0;
    %pushi/vec4 1, 0, 1;
    %assign/vec4 v0x55a434356c30_0, 0;
    %jmp T_3.24;
T_3.23 ;
    %pushi/vec4 0, 0, 4;
    %assign/vec4 v0x55a434356d70_0, 0;
T_3.24 ;
    %jmp T_3.22;
T_3.21 ;
    %load/vec4 v0x55a434356d70_0;
    %assign/vec4 v0x55a434356d70_0, 0;
T_3.22 ;
    %jmp T_3.8;
T_3.6 ;
    %load/vec4 v0x55a434356b70_0;
    %flag_set/vec4 8;
    %jmp/0xz  T_3.25, 8;
    %load/vec4 v0x55a434356f40_0;
    %cmpi/e 1, 0, 1;
    %jmp/0xz  T_3.27, 4;
    %pushi/vec4 1, 0, 4;
    %assign/vec4 v0x55a434356d70_0, 0;
    %pushi/vec4 0, 0, 1;
    %assign/vec4 v0x55a434356c30_0, 0;
    %jmp T_3.28;
T_3.27 ;
    %pushi/vec4 0, 0, 4;
    %assign/vec4 v0x55a434356d70_0, 0;
T_3.28 ;
    %jmp T_3.26;
T_3.25 ;
    %load/vec4 v0x55a434356d70_0;
    %assign/vec4 v0x55a434356d70_0, 0;
T_3.26 ;
    %jmp T_3.8;
T_3.8 ;
    %pop/vec4 1;
T_3.1 ;
    %jmp T_3;
    .thread T_3;
    .scope S_0x55a4343297f0;
T_4 ;
    %pushi/vec4 0, 0, 1;
    %store/vec4 v0x55a434357800_0, 0, 1;
    %pushi/vec4 0, 0, 1;
    %store/vec4 v0x55a434357a20_0, 0, 1;
    %delay 10, 0;
    %pushi/vec4 1, 0, 1;
    %store/vec4 v0x55a434357a20_0, 0, 1;
    %pushi/vec4 0, 0, 1;
    %store/vec4 v0x55a4343578c0_0, 0, 1;
    %pushi/vec4 1, 0, 1;
    %store/vec4 v0x55a434357bb0_0, 0, 1;
    %delay 30000000, 0;
    %pushi/vec4 1, 0, 1;
    %store/vec4 v0x55a4343578c0_0, 0, 1;
    %delay 2000000, 0;
    %pushi/vec4 0, 0, 1;
    %store/vec4 v0x55a4343578c0_0, 0, 1;
    %pushi/vec4 1, 0, 1;
    %store/vec4 v0x55a434357bb0_0, 0, 1;
    %delay 30000000, 0;
    %pushi/vec4 1, 0, 1;
    %store/vec4 v0x55a4343578c0_0, 0, 1;
    %delay 2000000, 0;
    %pushi/vec4 0, 0, 1;
    %store/vec4 v0x55a4343578c0_0, 0, 1;
    %pushi/vec4 0, 0, 1;
    %store/vec4 v0x55a434357bb0_0, 0, 1;
    %delay 30000000, 0;
    %pushi/vec4 1, 0, 1;
    %store/vec4 v0x55a4343578c0_0, 0, 1;
    %delay 2000000, 0;
    %pushi/vec4 0, 0, 1;
    %store/vec4 v0x55a4343578c0_0, 0, 1;
    %pushi/vec4 1, 0, 1;
    %store/vec4 v0x55a434357bb0_0, 0, 1;
    %delay 30000000, 0;
    %pushi/vec4 1, 0, 1;
    %store/vec4 v0x55a4343578c0_0, 0, 1;
    %delay 2000000, 0;
    %pushi/vec4 0, 0, 1;
    %store/vec4 v0x55a4343578c0_0, 0, 1;
    %pushi/vec4 0, 0, 1;
    %store/vec4 v0x55a434357bb0_0, 0, 1;
    %delay 30000000, 0;
    %pushi/vec4 1, 0, 1;
    %store/vec4 v0x55a4343578c0_0, 0, 1;
    %delay 2000000, 0;
    %pushi/vec4 0, 0, 1;
    %store/vec4 v0x55a4343578c0_0, 0, 1;
    %pushi/vec4 1, 0, 1;
    %store/vec4 v0x55a434357bb0_0, 0, 1;
    %delay 30000000, 0;
    %pushi/vec4 1, 0, 1;
    %store/vec4 v0x55a4343578c0_0, 0, 1;
    %delay 2000000, 0;
    %pushi/vec4 0, 0, 1;
    %store/vec4 v0x55a4343578c0_0, 0, 1;
    %pushi/vec4 0, 0, 1;
    %store/vec4 v0x55a434357bb0_0, 0, 1;
    %delay 30000000, 0;
    %pushi/vec4 1, 0, 1;
    %store/vec4 v0x55a4343578c0_0, 0, 1;
    %delay 2000000, 0;
    %pushi/vec4 0, 0, 1;
    %store/vec4 v0x55a4343578c0_0, 0, 1;
    %pushi/vec4 1, 0, 1;
    %store/vec4 v0x55a434357bb0_0, 0, 1;
    %delay 30000000, 0;
    %pushi/vec4 1, 0, 1;
    %store/vec4 v0x55a4343578c0_0, 0, 1;
    %delay 2000000, 0;
    %vpi_call 2 86 "$finish" {0 0 0};
    %end;
    .thread T_4;
    .scope S_0x55a4343297f0;
T_5 ;
    %vpi_call 2 91 "$dumpfile", "wave.vcd" {0 0 0};
    %vpi_call 2 92 "$dumpvars", 32'sb00000000000000000000000000000000, S_0x55a4343297f0 {0 0 0};
    %end;
    .thread T_5;
    .scope S_0x55a4343297f0;
T_6 ;
    %delay 10, 0;
    %load/vec4 v0x55a434357800_0;
    %inv;
    %assign/vec4 v0x55a434357800_0, 0;
    %jmp T_6;
    .thread T_6;
# The file index is used to find the file name in the following table.
:file_names 8;
    "N/A";
    "<interactive>";
    "tb/exp8_tb.v";
    "rtl//exp8_top.v";
    "rtl//divider.v";
    "rtl//edge_detect.v";
    "rtl//key_filter.v";
    "rtl//queue_detect.v";
